17:21:59.062 [main] INFO  com.intuit.karate.Runner - using system property 'karate.options': --tags @TEST-8
17:21:59.137 [main] INFO  com.intuit.karate.Runner - using system property 'karate.env': dev
17:21:59.231 [main] DEBUG com.intuit.karate.Suite - [config] classpath:karate-config.js
17:22:00.130 [main] INFO  com.intuit.karate - karate.env system property was: dev 
17:22:00.203 [main] INFO  c.intuit.karate.core.FeatureRuntime - classpath:examples/users/users.feature - call by tag at line 10: crearMascota
17:22:00.438 [main] DEBUG com.intuit.karate - request:
1 > POST https://petstore.swagger.io/v2/pet
1 > Content-Type: application/json; charset=UTF-8
1 > Content-Length: 138
1 > Host: petstore.swagger.io
1 > Connection: Keep-Alive
1 > User-Agent: Apache-HttpClient/4.5.14 (Java/17.0.18)
1 > Accept-Encoding: gzip,deflate
{"id":84,"category":{"id":0,"name":"string"},"name":"Lucas","photoUrls":["string"],"tags":[{"id":0,"name":"string"}],"status":"available"}

17:22:00.993 [main] DEBUG com.intuit.karate - response time in milliseconds: 552
1 < 200
1 < Date: Sat, 21 Feb 2026 22:22:01 GMT
1 < Content-Type: application/json
1 < Transfer-Encoding: chunked
1 < Connection: keep-alive
1 < Access-Control-Allow-Origin: *
1 < Access-Control-Allow-Methods: GET, POST, DELETE, PUT
1 < Access-Control-Allow-Headers: Content-Type, api_key, Authorization
1 < Server: Jetty(9.2.9.v20150224)
{"id":84,"category":{"id":0,"name":"string"},"name":"Lucas","photoUrls":["string"],"tags":[{"id":0,"name":"string"}],"status":"available"}

17:22:01.008 [main] INFO  com.intuit.karate - [print] 84 
17:22:01.018 [main] DEBUG com.intuit.karate - request:
1 > GET https://petstore.swagger.io/v2/pet/84
1 > Host: petstore.swagger.io
1 > Connection: Keep-Alive
1 > User-Agent: Apache-HttpClient/4.5.14 (Java/17.0.18)
1 > Accept-Encoding: gzip,deflate


17:22:01.339 [main] DEBUG com.intuit.karate - response time in milliseconds: 321
1 < 200
1 < Date: Sat, 21 Feb 2026 22:22:01 GMT
1 < Content-Type: application/json
1 < Transfer-Encoding: chunked
1 < Connection: keep-alive
1 < Access-Control-Allow-Origin: *
1 < Access-Control-Allow-Methods: GET, POST, DELETE, PUT
1 < Access-Control-Allow-Headers: Content-Type, api_key, Authorization
1 < Server: Jetty(9.2.9.v20150224)
{"id":84,"category":{"id":0,"name":"string"},"name":"Lucas","photoUrls":["string"],"tags":[{"id":0,"name":"string"}],"status":"available"}

17:22:01.341 [main] INFO  com.intuit.karate - [print] {
  "id": 84,
  "category": {
    "id": 0,
    "name": "string"
  },
  "name": "Lucas",
  "photoUrls": [
    "string"
  ],
  "tags": [
    {
      "id": 0,
      "name": "string"
    }
  ],
  "status": "available"
}
 
